<?xml version="1.0" encoding="UTF-8"?>
<testng-results ignored="0" total="2" passed="2" failed="0" skipped="0">
  <reporter-output>
  </reporter-output>
  <suite started-at="2023-01-27T09:39:50 WAT" name="Default suite" finished-at="2023-01-27T09:40:15 WAT" duration-ms="24425">
    <groups>
    </groups>
    <test started-at="2023-01-27T09:39:50 WAT" name="Default test" finished-at="2023-01-27T09:40:15 WAT" duration-ms="24425">
      <class name="Herokuapp.Tests">
        <test-method is-config="true" signature="initializeBrowser()[pri:0, instance:Herokuapp.Tests@71a8adcf]" started-at="2023-01-27T09:39:51 WAT" name="initializeBrowser" finished-at="2023-01-27T09:40:08 WAT" duration-ms="17601" status="PASS">
          <reporter-output>
          </reporter-output>
        </test-method> <!-- initializeBrowser -->
        <test-method signature="validLogin()[pri:0, instance:Herokuapp.Tests@71a8adcf]" started-at="2023-01-27T09:40:08 WAT" name="validLogin" finished-at="2023-01-27T09:40:13 WAT" duration-ms="4567" status="PASS">
          <reporter-output>
          </reporter-output>
        </test-method> <!-- validLogin -->
        <test-method signature="invalidLogin()[pri:0, instance:Herokuapp.Tests@71a8adcf]" started-at="2023-01-27T09:40:13 WAT" name="invalidLogin" finished-at="2023-01-27T09:40:15 WAT" depends-on-methods="Herokuapp.Tests.validLogin" duration-ms="2192" status="PASS">
          <reporter-output>
          </reporter-output>
        </test-method> <!-- invalidLogin -->
      </class> <!-- Herokuapp.Tests -->
    </test> <!-- Default test -->
  </suite> <!-- Default suite -->
</testng-results>
